<?xml version="1.0" encoding="UTF-8"?>
<coverage generated="1654463150">
  <project timestamp="1654463150">
    <file name="/app/src/Client.php">
      <class name="rocketfellows\TinkoffInvestV1RestClient\Client" namespace="global">
        <metrics complexity="16" methods="8" coveredmethods="8" conditionals="0" coveredconditionals="0" statements="33" coveredstatements="33" elements="41" coveredelements="41"/>
      </class>
      <line num="25" type="method" name="__construct" visibility="public" complexity="1" crap="1" count="15"/>
      <line num="27" type="stmt" count="15"/>
      <line num="28" type="stmt" count="15"/>
      <line num="36" type="method" name="request" visibility="public" complexity="7" crap="7" count="15"/>
      <line num="39" type="stmt" count="15"/>
      <line num="41" type="stmt" count="15"/>
      <line num="42" type="stmt" count="15"/>
      <line num="45" type="stmt" count="3"/>
      <line num="47" type="stmt" count="3"/>
      <line num="48" type="stmt" count="12"/>
      <line num="49" type="stmt" count="12"/>
      <line num="50" type="stmt" count="1"/>
      <line num="53" type="stmt" count="11"/>
      <line num="54" type="stmt" count="5"/>
      <line num="55" type="stmt" count="5"/>
      <line num="56" type="stmt" count="5"/>
      <line num="57" type="stmt" count="5"/>
      <line num="62" type="stmt" count="6"/>
      <line num="63" type="stmt" count="5"/>
      <line num="64" type="stmt" count="5"/>
      <line num="65" type="stmt" count="5"/>
      <line num="66" type="stmt" count="5"/>
      <line num="71" type="stmt" count="1"/>
      <line num="75" type="method" name="getFullServicePath" visibility="private" complexity="1" crap="1" count="15"/>
      <line num="80" type="stmt" count="15"/>
      <line num="83" type="stmt" count="15"/>
      <line num="88" type="method" name="getServicePath" visibility="private" complexity="1" crap="1" count="15"/>
      <line num="90" type="stmt" count="15"/>
      <line num="93" type="method" name="getRequestOptions" visibility="private" complexity="1" crap="1" count="15"/>
      <line num="96" type="stmt" count="15"/>
      <line num="101" type="method" name="getRequestHeader" visibility="private" complexity="1" crap="1" count="15"/>
      <line num="104" type="stmt" count="15"/>
      <line num="109" type="method" name="getAuthorizationHeader" visibility="private" complexity="1" crap="1" count="15"/>
      <line num="111" type="stmt" count="15"/>
      <line num="114" type="method" name="getBadResponseData" visibility="private" complexity="3" crap="3" count="10"/>
      <line num="116" type="stmt" count="10"/>
      <line num="117" type="stmt" count="10"/>
      <line num="118" type="stmt" count="10"/>
      <line num="119" type="stmt" count="10"/>
      <line num="120" type="stmt" count="10"/>
      <line num="121" type="stmt" count="10"/>
      <metrics loc="125" ncloc="120" classes="1" methods="8" coveredmethods="8" conditionals="0" coveredconditionals="0" statements="33" coveredstatements="33" elements="41" coveredelements="41"/>
    </file>
    <file name="/app/src/ClientConfig.php">
      <class name="rocketfellows\TinkoffInvestV1RestClient\ClientConfig" namespace="global">
        <metrics complexity="6" methods="4" coveredmethods="4" conditionals="0" coveredconditionals="0" statements="9" coveredstatements="9" elements="13" coveredelements="13"/>
      </class>
      <line num="17" type="method" name="__construct" visibility="public" complexity="1" crap="1" count="18"/>
      <line num="19" type="stmt" count="18"/>
      <line num="20" type="stmt" count="18"/>
      <line num="22" type="stmt" count="18"/>
      <line num="25" type="method" name="getServerUrl" visibility="public" complexity="1" crap="1" count="18"/>
      <line num="27" type="stmt" count="18"/>
      <line num="30" type="method" name="getAccessToken" visibility="public" complexity="1" crap="1" count="17"/>
      <line num="32" type="stmt" count="17"/>
      <line num="39" type="method" name="validateConfig" visibility="private" complexity="3" crap="3" count="18"/>
      <line num="41" type="stmt" count="18"/>
      <line num="42" type="stmt" count="1"/>
      <line num="45" type="stmt" count="17"/>
      <line num="46" type="stmt" count="1"/>
      <metrics loc="50" ncloc="42" classes="1" methods="4" coveredmethods="4" conditionals="0" coveredconditionals="0" statements="9" coveredstatements="9" elements="13" coveredelements="13"/>
    </file>
    <file name="/app/src/exceptions/ClientException.php">
      <class name="rocketfellows\TinkoffInvestV1RestClient\exceptions\ClientException" namespace="global">
        <metrics complexity="0" methods="0" coveredmethods="0" conditionals="0" coveredconditionals="0" statements="0" coveredstatements="0" elements="0" coveredelements="0"/>
      </class>
      <metrics loc="10" ncloc="10" classes="0" methods="0" coveredmethods="0" conditionals="0" coveredconditionals="0" statements="0" coveredstatements="0" elements="0" coveredelements="0"/>
    </file>
    <file name="/app/src/exceptions/config/AccessTokenEmptyException.php">
      <class name="rocketfellows\TinkoffInvestV1RestClient\exceptions\config\AccessTokenEmptyException" namespace="global">
        <metrics complexity="0" methods="0" coveredmethods="0" conditionals="0" coveredconditionals="0" statements="0" coveredstatements="0" elements="0" coveredelements="0"/>
      </class>
      <metrics loc="8" ncloc="8" classes="0" methods="0" coveredmethods="0" conditionals="0" coveredconditionals="0" statements="0" coveredstatements="0" elements="0" coveredelements="0"/>
    </file>
    <file name="/app/src/exceptions/config/ClientConfigException.php">
      <class name="rocketfellows\TinkoffInvestV1RestClient\exceptions\config\ClientConfigException" namespace="global">
        <metrics complexity="0" methods="0" coveredmethods="0" conditionals="0" coveredconditionals="0" statements="0" coveredstatements="0" elements="0" coveredelements="0"/>
      </class>
      <metrics loc="10" ncloc="10" classes="0" methods="0" coveredmethods="0" conditionals="0" coveredconditionals="0" statements="0" coveredstatements="0" elements="0" coveredelements="0"/>
    </file>
    <file name="/app/src/exceptions/config/ServerUrlEmptyException.php">
      <class name="rocketfellows\TinkoffInvestV1RestClient\exceptions\config\ServerUrlEmptyException" namespace="global">
        <metrics complexity="0" methods="0" coveredmethods="0" conditionals="0" coveredconditionals="0" statements="0" coveredstatements="0" elements="0" coveredelements="0"/>
      </class>
      <metrics loc="8" ncloc="8" classes="0" methods="0" coveredmethods="0" conditionals="0" coveredconditionals="0" statements="0" coveredstatements="0" elements="0" coveredelements="0"/>
    </file>
    <file name="/app/src/exceptions/request/BadResponseData.php">
      <class name="rocketfellows\TinkoffInvestV1RestClient\exceptions\request\BadResponseData" namespace="global">
        <metrics complexity="4" methods="4" coveredmethods="4" conditionals="0" coveredconditionals="0" statements="6" coveredstatements="6" elements="10" coveredelements="10"/>
      </class>
      <line num="11" type="method" name="__construct" visibility="public" complexity="1" crap="1" count="25"/>
      <line num="16" type="stmt" count="25"/>
      <line num="17" type="stmt" count="25"/>
      <line num="18" type="stmt" count="25"/>
      <line num="21" type="method" name="getCode" visibility="public" complexity="1" crap="1" count="25"/>
      <line num="23" type="stmt" count="25"/>
      <line num="26" type="method" name="getMessage" visibility="public" complexity="1" crap="1" count="25"/>
      <line num="28" type="stmt" count="25"/>
      <line num="31" type="method" name="getDescription" visibility="public" complexity="1" crap="1" count="25"/>
      <line num="33" type="stmt" count="25"/>
      <metrics loc="36" ncloc="36" classes="1" methods="4" coveredmethods="4" conditionals="0" coveredconditionals="0" statements="6" coveredstatements="6" elements="10" coveredelements="10"/>
    </file>
    <file name="/app/src/exceptions/request/BadResponseException.php">
      <class name="rocketfellows\TinkoffInvestV1RestClient\exceptions\request\BadResponseException" namespace="global">
        <metrics complexity="4" methods="4" coveredmethods="4" conditionals="0" coveredconditionals="0" statements="5" coveredstatements="5" elements="9" coveredelements="9"/>
      </class>
      <line num="11" type="method" name="__construct" visibility="public" complexity="1" crap="1" count="20"/>
      <line num="17" type="stmt" count="20"/>
      <line num="19" type="stmt" count="20"/>
      <line num="22" type="method" name="getErrorCode" visibility="public" complexity="1" crap="1" count="20"/>
      <line num="24" type="stmt" count="20"/>
      <line num="27" type="method" name="getErrorMessage" visibility="public" complexity="1" crap="1" count="20"/>
      <line num="29" type="stmt" count="20"/>
      <line num="32" type="method" name="getErrorDescription" visibility="public" complexity="1" crap="1" count="20"/>
      <line num="34" type="stmt" count="20"/>
      <metrics loc="37" ncloc="37" classes="1" methods="4" coveredmethods="4" conditionals="0" coveredconditionals="0" statements="5" coveredstatements="5" elements="9" coveredelements="9"/>
    </file>
    <file name="/app/src/exceptions/request/ClientException.php">
      <class name="rocketfellows\TinkoffInvestV1RestClient\exceptions\request\ClientException" namespace="global">
        <metrics complexity="0" methods="0" coveredmethods="0" conditionals="0" coveredconditionals="0" statements="0" coveredstatements="0" elements="0" coveredelements="0"/>
      </class>
      <metrics loc="8" ncloc="8" classes="0" methods="0" coveredmethods="0" conditionals="0" coveredconditionals="0" statements="0" coveredstatements="0" elements="0" coveredelements="0"/>
    </file>
    <file name="/app/src/exceptions/request/HttpClientException.php">
      <class name="rocketfellows\TinkoffInvestV1RestClient\exceptions\request\HttpClientException" namespace="global">
        <metrics complexity="0" methods="0" coveredmethods="0" conditionals="0" coveredconditionals="0" statements="0" coveredstatements="0" elements="0" coveredelements="0"/>
      </class>
      <metrics loc="8" ncloc="8" classes="0" methods="0" coveredmethods="0" conditionals="0" coveredconditionals="0" statements="0" coveredstatements="0" elements="0" coveredelements="0"/>
    </file>
    <file name="/app/src/exceptions/request/RequestException.php">
      <class name="rocketfellows\TinkoffInvestV1RestClient\exceptions\request\RequestException" namespace="global">
        <metrics complexity="0" methods="0" coveredmethods="0" conditionals="0" coveredconditionals="0" statements="0" coveredstatements="0" elements="0" coveredelements="0"/>
      </class>
      <metrics loc="10" ncloc="10" classes="0" methods="0" coveredmethods="0" conditionals="0" coveredconditionals="0" statements="0" coveredstatements="0" elements="0" coveredelements="0"/>
    </file>
    <file name="/app/src/exceptions/request/ServerException.php">
      <class name="rocketfellows\TinkoffInvestV1RestClient\exceptions\request\ServerException" namespace="global">
        <metrics complexity="0" methods="0" coveredmethods="0" conditionals="0" coveredconditionals="0" statements="0" coveredstatements="0" elements="0" coveredelements="0"/>
      </class>
      <metrics loc="8" ncloc="8" classes="0" methods="0" coveredmethods="0" conditionals="0" coveredconditionals="0" statements="0" coveredstatements="0" elements="0" coveredelements="0"/>
    </file>
    <metrics files="12" loc="318" ncloc="305" classes="4" methods="20" coveredmethods="20" conditionals="0" coveredconditionals="0" statements="53" coveredstatements="53" elements="73" coveredelements="73"/>
  </project>
</coverage>
